<?xml version="1.0" encoding="UTF-8"?>
<!-- Generated by org.testng.reporters.JUnitReportReporter -->
<testsuite hostname="LAPTOP-URL5F36O" failures="2" tests="6" name="com.pandemic.BDD.RunnerClass.CucumberRunnerTests" time="24.947" errors="0" timestamp="2025-07-29T11:22:47 IST" skipped="0">
  <testcase classname="com.pandemic.BDD.RunnerClass.CucumberRunnerTests" name="runScenario" time="5.354"/>
  <testcase classname="com.pandemic.BDD.RunnerClass.CucumberRunnerTests" name="runScenario" time="5.296">
    <failure message="expected [false] but found [true]" type="java.lang.AssertionError">
      <![CDATA[java.lang.AssertionError: expected [false] but found [true]
at org.testng.Assert.fail(Assert.java:111)
at org.testng.Assert.failNotEquals(Assert.java:1590)
at org.testng.Assert.assertFalse(Assert.java:79)
at org.testng.Assert.assertFalse(Assert.java:89)
at com.pandemic.BDD.definations.DistrictPassDefination.form_should_not_be_submitted_successfully(DistrictPassDefination.java:37)
at ✽.Form should not be submitted(file:///D:/Pandemic_test/src/test/java/com/pandemic/BDD/features/DistrinctPassTest.feature:18)
]]>
    </failure>
  </testcase> <!-- runScenario -->
  <testcase classname="com.pandemic.BDD.RunnerClass.CucumberRunnerTests" name="runScenario" time="3.404">
    <failure message="expected [false] but found [true]" type="java.lang.AssertionError">
      <![CDATA[java.lang.AssertionError: expected [false] but found [true]
at org.testng.Assert.fail(Assert.java:111)
at org.testng.Assert.failNotEquals(Assert.java:1590)
at org.testng.Assert.assertFalse(Assert.java:79)
at org.testng.Assert.assertFalse(Assert.java:89)
at com.pandemic.BDD.definations.virusTestDefination.assert_failure(virusTestDefination.java:33)
at ✽.the form should not be submitted(file:///D:/Pandemic_test/src/test/java/com/pandemic/BDD/features/virusTest.feature:11)
]]>
    </failure>
  </testcase> <!-- runScenario -->
  <testcase classname="com.pandemic.BDD.RunnerClass.CucumberRunnerTests" name="runScenario" time="2.889"/>
  <testcase classname="com.pandemic.BDD.RunnerClass.CucumberRunnerTests" name="runScenario" time="2.235"/>
  <testcase classname="com.pandemic.BDD.RunnerClass.CucumberRunnerTests" name="runScenario" time="5.769"/>
</testsuite> <!-- com.pandemic.BDD.RunnerClass.CucumberRunnerTests -->
